Classic Timing Analyzer report for zjw_PC
Sun Dec 08 10:36:21 2019
Quartus II Version 9.0 Build 184 04/29/2009 Service Pack 1 SJ Web Edition


---------------------
; Table of Contents ;
---------------------
  1. Legal Notice
  2. Timing Analyzer Summary
  3. Timing Analyzer Settings
  4. Clock Settings Summary
  5. Parallel Compilation
  6. Clock Setup: 'clk'
  7. tsu
  8. tco
  9. th
 10. Timing Analyzer Messages



----------------
; Legal Notice ;
----------------
Copyright (C) 1991-2009 Altera Corporation
Your use of Altera Corporation's design tools, logic functions 
and other software and tools, and its AMPP partner logic 
functions, and any output files from any of the foregoing 
(including device programming or simulation files), and any 
associated documentation or information are expressly subject 
to the terms and conditions of the Altera Program License 
Subscription Agreement, Altera MegaCore Function License 
Agreement, or other applicable license agreement, including, 
without limitation, that your use is for the sole purpose of 
programming logic devices manufactured by Altera and sold by 
Altera or its authorized distributors.  Please refer to the 
applicable agreement for further details.



+---------------------------------------------------------------------------------------------------------------------------------------------------------------------+
; Timing Analyzer Summary                                                                                                                                             ;
+------------------------------+-------+---------------+------------------------------------------------+-----------+----------+------------+----------+--------------+
; Type                         ; Slack ; Required Time ; Actual Time                                    ; From      ; To       ; From Clock ; To Clock ; Failed Paths ;
+------------------------------+-------+---------------+------------------------------------------------+-----------+----------+------------+----------+--------------+
; Worst-case tsu               ; N/A   ; None          ; 6.532 ns                                       ; LDPC      ; Q[7]     ; --         ; clk      ; 0            ;
; Worst-case tco               ; N/A   ; None          ; 8.039 ns                                       ; Q[0]      ; PCout[0] ; clk        ; --       ; 0            ;
; Worst-case th                ; N/A   ; None          ; -4.256 ns                                      ; BUScin[1] ; Q[1]     ; --         ; clk      ; 0            ;
; Clock Setup: 'clk'           ; N/A   ; None          ; Restricted to 275.03 MHz ( period = 3.636 ns ) ; Q[1]      ; Q[7]     ; clk        ; clk      ; 0            ;
; Total number of failed paths ;       ;               ;                                                ;           ;          ;            ;          ; 0            ;
+------------------------------+-------+---------------+------------------------------------------------+-----------+----------+------------+----------+--------------+


+--------------------------------------------------------------------------------------------------------------------+
; Timing Analyzer Settings                                                                                           ;
+---------------------------------------------------------------------+--------------------+------+----+-------------+
; Option                                                              ; Setting            ; From ; To ; Entity Name ;
+---------------------------------------------------------------------+--------------------+------+----+-------------+
; Device Name                                                         ; EP1C3T144C8        ;      ;    ;             ;
; Timing Models                                                       ; Final              ;      ;    ;             ;
; Default hold multicycle                                             ; Same as Multicycle ;      ;    ;             ;
; Cut paths between unrelated clock domains                           ; On                 ;      ;    ;             ;
; Cut off read during write signal paths                              ; On                 ;      ;    ;             ;
; Cut off feedback from I/O pins                                      ; On                 ;      ;    ;             ;
; Report Combined Fast/Slow Timing                                    ; Off                ;      ;    ;             ;
; Ignore Clock Settings                                               ; Off                ;      ;    ;             ;
; Analyze latches as synchronous elements                             ; On                 ;      ;    ;             ;
; Enable Recovery/Removal analysis                                    ; Off                ;      ;    ;             ;
; Enable Clock Latency                                                ; Off                ;      ;    ;             ;
; Use TimeQuest Timing Analyzer                                       ; Off                ;      ;    ;             ;
; Minimum Core Junction Temperature                                   ; 0                  ;      ;    ;             ;
; Maximum Core Junction Temperature                                   ; 85                 ;      ;    ;             ;
; Number of source nodes to report per destination node               ; 10                 ;      ;    ;             ;
; Number of destination nodes to report                               ; 10                 ;      ;    ;             ;
; Number of paths to report                                           ; 200                ;      ;    ;             ;
; Report Minimum Timing Checks                                        ; Off                ;      ;    ;             ;
; Use Fast Timing Models                                              ; Off                ;      ;    ;             ;
; Report IO Paths Separately                                          ; Off                ;      ;    ;             ;
; Perform Multicorner Analysis                                        ; Off                ;      ;    ;             ;
; Reports the worst-case path for each clock domain and analysis      ; Off                ;      ;    ;             ;
; Removes common clock path pessimism (CCPP) during slack computation ; Off                ;      ;    ;             ;
; Output I/O Timing Endpoint                                          ; Near End           ;      ;    ;             ;
+---------------------------------------------------------------------+--------------------+------+----+-------------+


+------------------------------------------------------------------------------------------------------------------------------------------------------------------------------------+
; Clock Settings Summary                                                                                                                                                             ;
+-----------------+--------------------+----------+------------------+---------------+--------------+----------+-----------------------+---------------------+--------+--------------+
; Clock Node Name ; Clock Setting Name ; Type     ; Fmax Requirement ; Early Latency ; Late Latency ; Based on ; Multiply Base Fmax by ; Divide Base Fmax by ; Offset ; Phase offset ;
+-----------------+--------------------+----------+------------------+---------------+--------------+----------+-----------------------+---------------------+--------+--------------+
; clk             ;                    ; User Pin ; None             ; 0.000 ns      ; 0.000 ns     ; --       ; N/A                   ; N/A                 ; N/A    ;              ;
+-----------------+--------------------+----------+------------------+---------------+--------------+----------+-----------------------+---------------------+--------+--------------+


Parallel compilation was disabled, but you have multiple processors available. Enable parallel compilation to reduce compilation time.
+-------------------------------------+
; Parallel Compilation                ;
+----------------------------+--------+
; Processors                 ; Number ;
+----------------------------+--------+
; Number detected on machine ; 2      ;
; Maximum allowed            ; 1      ;
+----------------------------+--------+


+----------------------------------------------------------------------------------------------------------------------------------------------------------------------------------+
; Clock Setup: 'clk'                                                                                                                                                               ;
+-------+------------------------------------------------+------+------+------------+----------+-----------------------------+---------------------------+-------------------------+
; Slack ; Actual fmax (period)                           ; From ; To   ; From Clock ; To Clock ; Required Setup Relationship ; Required Longest P2P Time ; Actual Longest P2P Time ;
+-------+------------------------------------------------+------+------+------------+----------+-----------------------------+---------------------------+-------------------------+
; N/A   ; Restricted to 275.03 MHz ( period = 3.636 ns ) ; Q[1] ; Q[5] ; clk        ; clk      ; None                        ; None                      ; 2.266 ns                ;
; N/A   ; Restricted to 275.03 MHz ( period = 3.636 ns ) ; Q[1] ; Q[6] ; clk        ; clk      ; None                        ; None                      ; 2.266 ns                ;
; N/A   ; Restricted to 275.03 MHz ( period = 3.636 ns ) ; Q[1] ; Q[7] ; clk        ; clk      ; None                        ; None                      ; 2.266 ns                ;
; N/A   ; Restricted to 275.03 MHz ( period = 3.636 ns ) ; Q[2] ; Q[5] ; clk        ; clk      ; None                        ; None                      ; 2.188 ns                ;
; N/A   ; Restricted to 275.03 MHz ( period = 3.636 ns ) ; Q[2] ; Q[6] ; clk        ; clk      ; None                        ; None                      ; 2.188 ns                ;
; N/A   ; Restricted to 275.03 MHz ( period = 3.636 ns ) ; Q[2] ; Q[7] ; clk        ; clk      ; None                        ; None                      ; 2.188 ns                ;
; N/A   ; Restricted to 275.03 MHz ( period = 3.636 ns ) ; Q[0] ; Q[5] ; clk        ; clk      ; None                        ; None                      ; 2.184 ns                ;
; N/A   ; Restricted to 275.03 MHz ( period = 3.636 ns ) ; Q[0] ; Q[6] ; clk        ; clk      ; None                        ; None                      ; 2.184 ns                ;
; N/A   ; Restricted to 275.03 MHz ( period = 3.636 ns ) ; Q[0] ; Q[7] ; clk        ; clk      ; None                        ; None                      ; 2.184 ns                ;
; N/A   ; Restricted to 275.03 MHz ( period = 3.636 ns ) ; Q[1] ; Q[4] ; clk        ; clk      ; None                        ; None                      ; 2.051 ns                ;
; N/A   ; Restricted to 275.03 MHz ( period = 3.636 ns ) ; Q[1] ; Q[3] ; clk        ; clk      ; None                        ; None                      ; 1.971 ns                ;
; N/A   ; Restricted to 275.03 MHz ( period = 3.636 ns ) ; Q[2] ; Q[4] ; clk        ; clk      ; None                        ; None                      ; 1.971 ns                ;
; N/A   ; Restricted to 275.03 MHz ( period = 3.636 ns ) ; Q[0] ; Q[4] ; clk        ; clk      ; None                        ; None                      ; 1.969 ns                ;
; N/A   ; Restricted to 275.03 MHz ( period = 3.636 ns ) ; Q[3] ; Q[5] ; clk        ; clk      ; None                        ; None                      ; 1.953 ns                ;
; N/A   ; Restricted to 275.03 MHz ( period = 3.636 ns ) ; Q[3] ; Q[6] ; clk        ; clk      ; None                        ; None                      ; 1.953 ns                ;
; N/A   ; Restricted to 275.03 MHz ( period = 3.636 ns ) ; Q[3] ; Q[7] ; clk        ; clk      ; None                        ; None                      ; 1.953 ns                ;
; N/A   ; Restricted to 275.03 MHz ( period = 3.636 ns ) ; Q[4] ; Q[5] ; clk        ; clk      ; None                        ; None                      ; 1.924 ns                ;
; N/A   ; Restricted to 275.03 MHz ( period = 3.636 ns ) ; Q[4] ; Q[6] ; clk        ; clk      ; None                        ; None                      ; 1.924 ns                ;
; N/A   ; Restricted to 275.03 MHz ( period = 3.636 ns ) ; Q[4] ; Q[7] ; clk        ; clk      ; None                        ; None                      ; 1.924 ns                ;
; N/A   ; Restricted to 275.03 MHz ( period = 3.636 ns ) ; Q[1] ; Q[2] ; clk        ; clk      ; None                        ; None                      ; 1.891 ns                ;
; N/A   ; Restricted to 275.03 MHz ( period = 3.636 ns ) ; Q[2] ; Q[3] ; clk        ; clk      ; None                        ; None                      ; 1.891 ns                ;
; N/A   ; Restricted to 275.03 MHz ( period = 3.636 ns ) ; Q[6] ; Q[7] ; clk        ; clk      ; None                        ; None                      ; 1.891 ns                ;
; N/A   ; Restricted to 275.03 MHz ( period = 3.636 ns ) ; Q[0] ; Q[3] ; clk        ; clk      ; None                        ; None                      ; 1.889 ns                ;
; N/A   ; Restricted to 275.03 MHz ( period = 3.636 ns ) ; Q[0] ; Q[2] ; clk        ; clk      ; None                        ; None                      ; 1.809 ns                ;
; N/A   ; Restricted to 275.03 MHz ( period = 3.636 ns ) ; Q[5] ; Q[7] ; clk        ; clk      ; None                        ; None                      ; 1.809 ns                ;
; N/A   ; Restricted to 275.03 MHz ( period = 3.636 ns ) ; Q[3] ; Q[4] ; clk        ; clk      ; None                        ; None                      ; 1.732 ns                ;
; N/A   ; Restricted to 275.03 MHz ( period = 3.636 ns ) ; Q[0] ; Q[1] ; clk        ; clk      ; None                        ; None                      ; 1.729 ns                ;
; N/A   ; Restricted to 275.03 MHz ( period = 3.636 ns ) ; Q[5] ; Q[6] ; clk        ; clk      ; None                        ; None                      ; 1.729 ns                ;
; N/A   ; Restricted to 275.03 MHz ( period = 3.636 ns ) ; Q[1] ; Q[1] ; clk        ; clk      ; None                        ; None                      ; 1.267 ns                ;
; N/A   ; Restricted to 275.03 MHz ( period = 3.636 ns ) ; Q[2] ; Q[2] ; clk        ; clk      ; None                        ; None                      ; 1.267 ns                ;
; N/A   ; Restricted to 275.03 MHz ( period = 3.636 ns ) ; Q[6] ; Q[6] ; clk        ; clk      ; None                        ; None                      ; 1.267 ns                ;
; N/A   ; Restricted to 275.03 MHz ( period = 3.636 ns ) ; Q[7] ; Q[7] ; clk        ; clk      ; None                        ; None                      ; 1.266 ns                ;
; N/A   ; Restricted to 275.03 MHz ( period = 3.636 ns ) ; Q[3] ; Q[3] ; clk        ; clk      ; None                        ; None                      ; 1.120 ns                ;
; N/A   ; Restricted to 275.03 MHz ( period = 3.636 ns ) ; Q[0] ; Q[0] ; clk        ; clk      ; None                        ; None                      ; 1.117 ns                ;
; N/A   ; Restricted to 275.03 MHz ( period = 3.636 ns ) ; Q[5] ; Q[5] ; clk        ; clk      ; None                        ; None                      ; 1.117 ns                ;
; N/A   ; Restricted to 275.03 MHz ( period = 3.636 ns ) ; Q[4] ; Q[4] ; clk        ; clk      ; None                        ; None                      ; 1.109 ns                ;
+-------+------------------------------------------------+------+------+------------+----------+-----------------------------+---------------------------+-------------------------+


+-----------------------------------------------------------------+
; tsu                                                             ;
+-------+--------------+------------+-----------+------+----------+
; Slack ; Required tsu ; Actual tsu ; From      ; To   ; To Clock ;
+-------+--------------+------------+-----------+------+----------+
; N/A   ; None         ; 6.532 ns   ; LDPC      ; Q[0] ; clk      ;
; N/A   ; None         ; 6.532 ns   ; LDPC      ; Q[1] ; clk      ;
; N/A   ; None         ; 6.532 ns   ; LDPC      ; Q[2] ; clk      ;
; N/A   ; None         ; 6.532 ns   ; LDPC      ; Q[3] ; clk      ;
; N/A   ; None         ; 6.532 ns   ; LDPC      ; Q[4] ; clk      ;
; N/A   ; None         ; 6.532 ns   ; LDPC      ; Q[5] ; clk      ;
; N/A   ; None         ; 6.532 ns   ; LDPC      ; Q[6] ; clk      ;
; N/A   ; None         ; 6.532 ns   ; LDPC      ; Q[7] ; clk      ;
; N/A   ; None         ; 5.663 ns   ; INPC      ; Q[5] ; clk      ;
; N/A   ; None         ; 5.663 ns   ; INPC      ; Q[6] ; clk      ;
; N/A   ; None         ; 5.663 ns   ; INPC      ; Q[7] ; clk      ;
; N/A   ; None         ; 5.455 ns   ; BUScin[2] ; Q[2] ; clk      ;
; N/A   ; None         ; 5.450 ns   ; INPC      ; Q[4] ; clk      ;
; N/A   ; None         ; 5.415 ns   ; BUScin[5] ; Q[5] ; clk      ;
; N/A   ; None         ; 5.414 ns   ; BUScin[7] ; Q[7] ; clk      ;
; N/A   ; None         ; 5.411 ns   ; BUScin[0] ; Q[0] ; clk      ;
; N/A   ; None         ; 5.409 ns   ; BUScin[6] ; Q[6] ; clk      ;
; N/A   ; None         ; 5.370 ns   ; INPC      ; Q[3] ; clk      ;
; N/A   ; None         ; 5.290 ns   ; INPC      ; Q[2] ; clk      ;
; N/A   ; None         ; 5.210 ns   ; INPC      ; Q[1] ; clk      ;
; N/A   ; None         ; 4.977 ns   ; BUScin[3] ; Q[3] ; clk      ;
; N/A   ; None         ; 4.942 ns   ; BUScin[4] ; Q[4] ; clk      ;
; N/A   ; None         ; 4.586 ns   ; INPC      ; Q[0] ; clk      ;
; N/A   ; None         ; 4.308 ns   ; BUScin[1] ; Q[1] ; clk      ;
+-------+--------------+------------+-----------+------+----------+


+------------------------------------------------------------------+
; tco                                                              ;
+-------+--------------+------------+------+----------+------------+
; Slack ; Required tco ; Actual tco ; From ; To       ; From Clock ;
+-------+--------------+------------+------+----------+------------+
; N/A   ; None         ; 8.039 ns   ; Q[0] ; PCout[0] ; clk        ;
; N/A   ; None         ; 7.785 ns   ; Q[1] ; PCout[1] ; clk        ;
; N/A   ; None         ; 7.637 ns   ; Q[5] ; PCout[5] ; clk        ;
; N/A   ; None         ; 7.625 ns   ; Q[2] ; PCout[2] ; clk        ;
; N/A   ; None         ; 7.615 ns   ; Q[7] ; PCout[7] ; clk        ;
; N/A   ; None         ; 7.375 ns   ; Q[4] ; PCout[4] ; clk        ;
; N/A   ; None         ; 7.178 ns   ; Q[3] ; PCout[3] ; clk        ;
; N/A   ; None         ; 7.177 ns   ; Q[6] ; PCout[6] ; clk        ;
+-------+--------------+------------+------+----------+------------+


+-----------------------------------------------------------------------+
; th                                                                    ;
+---------------+-------------+-----------+-----------+------+----------+
; Minimum Slack ; Required th ; Actual th ; From      ; To   ; To Clock ;
+---------------+-------------+-----------+-----------+------+----------+
; N/A           ; None        ; -4.256 ns ; BUScin[1] ; Q[1] ; clk      ;
; N/A           ; None        ; -4.534 ns ; INPC      ; Q[0] ; clk      ;
; N/A           ; None        ; -4.890 ns ; BUScin[4] ; Q[4] ; clk      ;
; N/A           ; None        ; -4.925 ns ; BUScin[3] ; Q[3] ; clk      ;
; N/A           ; None        ; -5.143 ns ; INPC      ; Q[1] ; clk      ;
; N/A           ; None        ; -5.221 ns ; INPC      ; Q[2] ; clk      ;
; N/A           ; None        ; -5.299 ns ; INPC      ; Q[3] ; clk      ;
; N/A           ; None        ; -5.357 ns ; BUScin[6] ; Q[6] ; clk      ;
; N/A           ; None        ; -5.359 ns ; BUScin[0] ; Q[0] ; clk      ;
; N/A           ; None        ; -5.362 ns ; BUScin[7] ; Q[7] ; clk      ;
; N/A           ; None        ; -5.363 ns ; BUScin[5] ; Q[5] ; clk      ;
; N/A           ; None        ; -5.377 ns ; INPC      ; Q[4] ; clk      ;
; N/A           ; None        ; -5.403 ns ; BUScin[2] ; Q[2] ; clk      ;
; N/A           ; None        ; -5.607 ns ; INPC      ; Q[5] ; clk      ;
; N/A           ; None        ; -5.607 ns ; INPC      ; Q[6] ; clk      ;
; N/A           ; None        ; -5.607 ns ; INPC      ; Q[7] ; clk      ;
; N/A           ; None        ; -6.480 ns ; LDPC      ; Q[0] ; clk      ;
; N/A           ; None        ; -6.480 ns ; LDPC      ; Q[1] ; clk      ;
; N/A           ; None        ; -6.480 ns ; LDPC      ; Q[2] ; clk      ;
; N/A           ; None        ; -6.480 ns ; LDPC      ; Q[3] ; clk      ;
; N/A           ; None        ; -6.480 ns ; LDPC      ; Q[4] ; clk      ;
; N/A           ; None        ; -6.480 ns ; LDPC      ; Q[5] ; clk      ;
; N/A           ; None        ; -6.480 ns ; LDPC      ; Q[6] ; clk      ;
; N/A           ; None        ; -6.480 ns ; LDPC      ; Q[7] ; clk      ;
+---------------+-------------+-----------+-----------+------+----------+


+--------------------------+
; Timing Analyzer Messages ;
+--------------------------+
Info: *******************************************************************
Info: Running Quartus II Classic Timing Analyzer
    Info: Version 9.0 Build 184 04/29/2009 Service Pack 1 SJ Web Edition
    Info: Processing started: Sun Dec 08 10:36:20 2019
Info: Command: quartus_tan --read_settings_files=off --write_settings_files=off zjw_PC -c zjw_PC --timing_analysis_only
Warning: Found pins functioning as undefined clocks and/or memory enables
    Info: Assuming node "clk" is an undefined clock
Info: Clock "clk" Internal fmax is restricted to 275.03 MHz between source register "Q[1]" and destination register "Q[5]"
    Info: fmax restricted to Clock High delay (1.818 ns) plus Clock Low delay (1.818 ns) : restricted to 3.636 ns. Expand message to see actual delay path.
        Info: + Longest register to register delay is 2.266 ns
            Info: 1: + IC(0.000 ns) + CELL(0.000 ns) = 0.000 ns; Loc. = LC_X11_Y4_N1; Fanout = 4; REG Node = 'Q[1]'
            Info: 2: + IC(0.529 ns) + CELL(0.564 ns) = 1.093 ns; Loc. = LC_X11_Y4_N1; Fanout = 2; COMB Node = 'Q[1]~19'
            Info: 3: + IC(0.000 ns) + CELL(0.078 ns) = 1.171 ns; Loc. = LC_X11_Y4_N2; Fanout = 2; COMB Node = 'Q[2]~21'
            Info: 4: + IC(0.000 ns) + CELL(0.078 ns) = 1.249 ns; Loc. = LC_X11_Y4_N3; Fanout = 2; COMB Node = 'Q[3]~23'
            Info: 5: + IC(0.000 ns) + CELL(0.178 ns) = 1.427 ns; Loc. = LC_X11_Y4_N4; Fanout = 3; COMB Node = 'Q[4]~25'
            Info: 6: + IC(0.000 ns) + CELL(0.839 ns) = 2.266 ns; Loc. = LC_X11_Y4_N5; Fanout = 4; REG Node = 'Q[5]'
            Info: Total cell delay = 1.737 ns ( 76.65 % )
            Info: Total interconnect delay = 0.529 ns ( 23.35 % )
        Info: - Smallest clock skew is 0.000 ns
            Info: + Shortest clock path from clock "clk" to destination register is 2.730 ns
                Info: 1: + IC(0.000 ns) + CELL(1.469 ns) = 1.469 ns; Loc. = PIN_17; Fanout = 8; CLK Node = 'clk'
                Info: 2: + IC(0.550 ns) + CELL(0.711 ns) = 2.730 ns; Loc. = LC_X11_Y4_N5; Fanout = 4; REG Node = 'Q[5]'
                Info: Total cell delay = 2.180 ns ( 79.85 % )
                Info: Total interconnect delay = 0.550 ns ( 20.15 % )
            Info: - Longest clock path from clock "clk" to source register is 2.730 ns
                Info: 1: + IC(0.000 ns) + CELL(1.469 ns) = 1.469 ns; Loc. = PIN_17; Fanout = 8; CLK Node = 'clk'
                Info: 2: + IC(0.550 ns) + CELL(0.711 ns) = 2.730 ns; Loc. = LC_X11_Y4_N1; Fanout = 4; REG Node = 'Q[1]'
                Info: Total cell delay = 2.180 ns ( 79.85 % )
                Info: Total interconnect delay = 0.550 ns ( 20.15 % )
        Info: + Micro clock to output delay of source is 0.224 ns
        Info: + Micro setup delay of destination is 0.037 ns
Info: tsu for register "Q[0]" (data pin = "LDPC", clock pin = "clk") is 6.532 ns
    Info: + Longest pin to register delay is 9.225 ns
        Info: 1: + IC(0.000 ns) + CELL(1.469 ns) = 1.469 ns; Loc. = PIN_83; Fanout = 8; PIN Node = 'LDPC'
        Info: 2: + IC(6.531 ns) + CELL(1.225 ns) = 9.225 ns; Loc. = LC_X11_Y4_N0; Fanout = 4; REG Node = 'Q[0]'
        Info: Total cell delay = 2.694 ns ( 29.20 % )
        Info: Total interconnect delay = 6.531 ns ( 70.80 % )
    Info: + Micro setup delay of destination is 0.037 ns
    Info: - Shortest clock path from clock "clk" to destination register is 2.730 ns
        Info: 1: + IC(0.000 ns) + CELL(1.469 ns) = 1.469 ns; Loc. = PIN_17; Fanout = 8; CLK Node = 'clk'
        Info: 2: + IC(0.550 ns) + CELL(0.711 ns) = 2.730 ns; Loc. = LC_X11_Y4_N0; Fanout = 4; REG Node = 'Q[0]'
        Info: Total cell delay = 2.180 ns ( 79.85 % )
        Info: Total interconnect delay = 0.550 ns ( 20.15 % )
Info: tco from clock "clk" to destination pin "PCout[0]" through register "Q[0]" is 8.039 ns
    Info: + Longest clock path from clock "clk" to source register is 2.730 ns
        Info: 1: + IC(0.000 ns) + CELL(1.469 ns) = 1.469 ns; Loc. = PIN_17; Fanout = 8; CLK Node = 'clk'
        Info: 2: + IC(0.550 ns) + CELL(0.711 ns) = 2.730 ns; Loc. = LC_X11_Y4_N0; Fanout = 4; REG Node = 'Q[0]'
        Info: Total cell delay = 2.180 ns ( 79.85 % )
        Info: Total interconnect delay = 0.550 ns ( 20.15 % )
    Info: + Micro clock to output delay of source is 0.224 ns
    Info: + Longest register to pin delay is 5.085 ns
        Info: 1: + IC(0.000 ns) + CELL(0.000 ns) = 0.000 ns; Loc. = LC_X11_Y4_N0; Fanout = 4; REG Node = 'Q[0]'
        Info: 2: + IC(2.961 ns) + CELL(2.124 ns) = 5.085 ns; Loc. = PIN_7; Fanout = 0; PIN Node = 'PCout[0]'
        Info: Total cell delay = 2.124 ns ( 41.77 % )
        Info: Total interconnect delay = 2.961 ns ( 58.23 % )
Info: th for register "Q[1]" (data pin = "BUScin[1]", clock pin = "clk") is -4.256 ns
    Info: + Longest clock path from clock "clk" to destination register is 2.730 ns
        Info: 1: + IC(0.000 ns) + CELL(1.469 ns) = 1.469 ns; Loc. = PIN_17; Fanout = 8; CLK Node = 'clk'
        Info: 2: + IC(0.550 ns) + CELL(0.711 ns) = 2.730 ns; Loc. = LC_X11_Y4_N1; Fanout = 4; REG Node = 'Q[1]'
        Info: Total cell delay = 2.180 ns ( 79.85 % )
        Info: Total interconnect delay = 0.550 ns ( 20.15 % )
    Info: + Micro hold delay of destination is 0.015 ns
    Info: - Shortest pin to register delay is 7.001 ns
        Info: 1: + IC(0.000 ns) + CELL(1.475 ns) = 1.475 ns; Loc. = PIN_49; Fanout = 1; PIN Node = 'BUScin[1]'
        Info: 2: + IC(5.411 ns) + CELL(0.115 ns) = 7.001 ns; Loc. = LC_X11_Y4_N1; Fanout = 4; REG Node = 'Q[1]'
        Info: Total cell delay = 1.590 ns ( 22.71 % )
        Info: Total interconnect delay = 5.411 ns ( 77.29 % )
Info: Quartus II Classic Timing Analyzer was successful. 0 errors, 1 warning
    Info: Peak virtual memory: 193 megabytes
    Info: Processing ended: Sun Dec 08 10:36:21 2019
    Info: Elapsed time: 00:00:01
    Info: Total CPU time (on all processors): 00:00:01


