Classic Timing Analyzer report for zjw_zhilingyimaqi
Sun Dec 08 10:41:29 2019
Quartus II Version 9.0 Build 184 04/29/2009 Service Pack 1 SJ Web Edition


---------------------
; Table of Contents ;
---------------------
  1. Legal Notice
  2. Timing Analyzer Summary
  3. Timing Analyzer Settings
  4. Parallel Compilation
  5. tpd
  6. Timing Analyzer Messages



----------------
; Legal Notice ;
----------------
Copyright (C) 1991-2009 Altera Corporation
Your use of Altera Corporation's design tools, logic functions 
and other software and tools, and its AMPP partner logic 
functions, and any output files from any of the foregoing 
(including device programming or simulation files), and any 
associated documentation or information are expressly subject 
to the terms and conditions of the Altera Program License 
Subscription Agreement, Altera MegaCore Function License 
Agreement, or other applicable license agreement, including, 
without limitation, that your use is for the sole purpose of 
programming logic devices manufactured by Altera and sold by 
Altera or its authorized distributors.  Please refer to the 
applicable agreement for further details.



+--------------------------------------------------------------------------------------------------------------------------+
; Timing Analyzer Summary                                                                                                  ;
+------------------------------+-------+---------------+-------------+--------+-----+------------+----------+--------------+
; Type                         ; Slack ; Required Time ; Actual Time ; From   ; To  ; From Clock ; To Clock ; Failed Paths ;
+------------------------------+-------+---------------+-------------+--------+-----+------------+----------+--------------+
; Worst-case tpd               ; N/A   ; None          ; 15.694 ns   ; IR1[3] ; JMP ; --         ; --       ; 0            ;
; Total number of failed paths ;       ;               ;             ;        ;     ;            ;          ; 0            ;
+------------------------------+-------+---------------+-------------+--------+-----+------------+----------+--------------+


+--------------------------------------------------------------------------------------------------------------------+
; Timing Analyzer Settings                                                                                           ;
+---------------------------------------------------------------------+--------------------+------+----+-------------+
; Option                                                              ; Setting            ; From ; To ; Entity Name ;
+---------------------------------------------------------------------+--------------------+------+----+-------------+
; Device Name                                                         ; EP1C3T144C8        ;      ;    ;             ;
; Timing Models                                                       ; Final              ;      ;    ;             ;
; Default hold multicycle                                             ; Same as Multicycle ;      ;    ;             ;
; Cut paths between unrelated clock domains                           ; On                 ;      ;    ;             ;
; Cut off read during write signal paths                              ; On                 ;      ;    ;             ;
; Cut off feedback from I/O pins                                      ; On                 ;      ;    ;             ;
; Report Combined Fast/Slow Timing                                    ; Off                ;      ;    ;             ;
; Ignore Clock Settings                                               ; Off                ;      ;    ;             ;
; Analyze latches as synchronous elements                             ; On                 ;      ;    ;             ;
; Enable Recovery/Removal analysis                                    ; Off                ;      ;    ;             ;
; Enable Clock Latency                                                ; Off                ;      ;    ;             ;
; Use TimeQuest Timing Analyzer                                       ; Off                ;      ;    ;             ;
; Minimum Core Junction Temperature                                   ; 0                  ;      ;    ;             ;
; Maximum Core Junction Temperature                                   ; 85                 ;      ;    ;             ;
; Number of source nodes to report per destination node               ; 10                 ;      ;    ;             ;
; Number of destination nodes to report                               ; 10                 ;      ;    ;             ;
; Number of paths to report                                           ; 200                ;      ;    ;             ;
; Report Minimum Timing Checks                                        ; Off                ;      ;    ;             ;
; Use Fast Timing Models                                              ; Off                ;      ;    ;             ;
; Report IO Paths Separately                                          ; Off                ;      ;    ;             ;
; Perform Multicorner Analysis                                        ; Off                ;      ;    ;             ;
; Reports the worst-case path for each clock domain and analysis      ; Off                ;      ;    ;             ;
; Removes common clock path pessimism (CCPP) during slack computation ; Off                ;      ;    ;             ;
; Output I/O Timing Endpoint                                          ; Near End           ;      ;    ;             ;
+---------------------------------------------------------------------+--------------------+------+----+-------------+


Parallel compilation was disabled, but you have multiple processors available. Enable parallel compilation to reduce compilation time.
+-------------------------------------+
; Parallel Compilation                ;
+----------------------------+--------+
; Processors                 ; Number ;
+----------------------------+--------+
; Number detected on machine ; 2      ;
; Maximum allowed            ; 1      ;
+----------------------------+--------+


+-------------------------------------------------------------+
; tpd                                                         ;
+-------+-------------------+-----------------+--------+------+
; Slack ; Required P2P Time ; Actual P2P Time ; From   ; To   ;
+-------+-------------------+-----------------+--------+------+
; N/A   ; None              ; 15.694 ns       ; IR1[3] ; JMP  ;
; N/A   ; None              ; 15.522 ns       ; IR1[2] ; JMP  ;
; N/A   ; None              ; 15.508 ns       ; IR1[3] ; RSR  ;
; N/A   ; None              ; 15.492 ns       ; IR1[3] ; JC   ;
; N/A   ; None              ; 15.404 ns       ; IR1[0] ; JMP  ;
; N/A   ; None              ; 15.341 ns       ; IR1[2] ; RSR  ;
; N/A   ; None              ; 15.320 ns       ; IR1[2] ; JC   ;
; N/A   ; None              ; 15.223 ns       ; IR1[0] ; RSR  ;
; N/A   ; None              ; 15.207 ns       ; IR1[1] ; JMP  ;
; N/A   ; None              ; 15.202 ns       ; IR1[0] ; JC   ;
; N/A   ; None              ; 15.021 ns       ; IR1[1] ; RSR  ;
; N/A   ; None              ; 15.020 ns       ; IR1[3] ; JZ   ;
; N/A   ; None              ; 15.005 ns       ; IR1[1] ; JC   ;
; N/A   ; None              ; 14.858 ns       ; IR1[3] ; NOP  ;
; N/A   ; None              ; 14.848 ns       ; IR1[2] ; JZ   ;
; N/A   ; None              ; 14.730 ns       ; IR1[0] ; JZ   ;
; N/A   ; None              ; 14.686 ns       ; IR1[2] ; NOP  ;
; N/A   ; None              ; 14.545 ns       ; IR1[0] ; NOP  ;
; N/A   ; None              ; 14.533 ns       ; IR1[1] ; JZ   ;
; N/A   ; None              ; 14.479 ns       ; IR1[3] ; SUB  ;
; N/A   ; None              ; 14.476 ns       ; IR1[3] ; OR1  ;
; N/A   ; None              ; 14.468 ns       ; IR1[3] ; ADD  ;
; N/A   ; None              ; 14.437 ns       ; IR1[3] ; OUT1 ;
; N/A   ; None              ; 14.371 ns       ; IR1[1] ; NOP  ;
; N/A   ; None              ; 14.317 ns       ; IR1[2] ; SUB  ;
; N/A   ; None              ; 14.305 ns       ; IR1[2] ; OR1  ;
; N/A   ; None              ; 14.296 ns       ; IR1[2] ; ADD  ;
; N/A   ; None              ; 14.284 ns       ; IR1[2] ; OUT1 ;
; N/A   ; None              ; 14.234 ns       ; IR1[3] ; RSL  ;
; N/A   ; None              ; 14.198 ns       ; IR1[0] ; SUB  ;
; N/A   ; None              ; 14.192 ns       ; IR1[3] ; MOVC ;
; N/A   ; None              ; 14.177 ns       ; IR1[0] ; OR1  ;
; N/A   ; None              ; 14.167 ns       ; IR1[0] ; OUT1 ;
; N/A   ; None              ; 14.159 ns       ; IR1[0] ; ADD  ;
; N/A   ; None              ; 14.074 ns       ; SM     ; JMP  ;
; N/A   ; None              ; 14.067 ns       ; IR1[2] ; RSL  ;
; N/A   ; None              ; 14.053 ns       ; RWBA1  ; JMP  ;
; N/A   ; None              ; 14.020 ns       ; IR1[2] ; MOVC ;
; N/A   ; None              ; 13.992 ns       ; IR1[1] ; SUB  ;
; N/A   ; None              ; 13.989 ns       ; IR1[1] ; OR1  ;
; N/A   ; None              ; 13.981 ns       ; IR1[1] ; ADD  ;
; N/A   ; None              ; 13.959 ns       ; IR1[1] ; OUT1 ;
; N/A   ; None              ; 13.949 ns       ; IR1[0] ; RSL  ;
; N/A   ; None              ; 13.938 ns       ; RWBA0  ; JMP  ;
; N/A   ; None              ; 13.935 ns       ; IR1[3] ; MOVA ;
; N/A   ; None              ; 13.887 ns       ; IR1[0] ; MOVC ;
; N/A   ; None              ; 13.874 ns       ; RAA0   ; RSR  ;
; N/A   ; None              ; 13.872 ns       ; SM     ; JC   ;
; N/A   ; None              ; 13.851 ns       ; RWBA1  ; JC   ;
; N/A   ; None              ; 13.763 ns       ; IR1[2] ; MOVA ;
; N/A   ; None              ; 13.747 ns       ; IR1[1] ; RSL  ;
; N/A   ; None              ; 13.736 ns       ; RWBA0  ; JC   ;
; N/A   ; None              ; 13.731 ns       ; RAA1   ; RSR  ;
; N/A   ; None              ; 13.705 ns       ; IR1[1] ; MOVC ;
; N/A   ; None              ; 13.665 ns       ; IR1[3] ; IN1  ;
; N/A   ; None              ; 13.650 ns       ; RAA0   ; JMP  ;
; N/A   ; None              ; 13.630 ns       ; IR1[0] ; MOVA ;
; N/A   ; None              ; 13.516 ns       ; RAA1   ; JMP  ;
; N/A   ; None              ; 13.507 ns       ; IR1[2] ; IN1  ;
; N/A   ; None              ; 13.451 ns       ; RAA0   ; JC   ;
; N/A   ; None              ; 13.448 ns       ; IR1[1] ; MOVA ;
; N/A   ; None              ; 13.400 ns       ; SM     ; JZ   ;
; N/A   ; None              ; 13.390 ns       ; IR1[0] ; IN1  ;
; N/A   ; None              ; 13.379 ns       ; RWBA1  ; JZ   ;
; N/A   ; None              ; 13.326 ns       ; IR1[3] ; NOT1 ;
; N/A   ; None              ; 13.316 ns       ; RAA1   ; JC   ;
; N/A   ; None              ; 13.264 ns       ; RWBA0  ; JZ   ;
; N/A   ; None              ; 13.234 ns       ; SM     ; RSR  ;
; N/A   ; None              ; 13.183 ns       ; IR1[1] ; IN1  ;
; N/A   ; None              ; 13.155 ns       ; IR1[2] ; NOT1 ;
; N/A   ; None              ; 13.134 ns       ; IR1[3] ; HALT ;
; N/A   ; None              ; 13.089 ns       ; IR1[3] ; MOVB ;
; N/A   ; None              ; 13.032 ns       ; IR1[0] ; NOT1 ;
; N/A   ; None              ; 12.993 ns       ; RAA0   ; JZ   ;
; N/A   ; None              ; 12.917 ns       ; IR1[2] ; MOVB ;
; N/A   ; None              ; 12.850 ns       ; RAA1   ; JZ   ;
; N/A   ; None              ; 12.839 ns       ; IR1[1] ; NOT1 ;
; N/A   ; None              ; 12.831 ns       ; SM     ; NOP  ;
; N/A   ; None              ; 12.784 ns       ; IR1[0] ; MOVB ;
; N/A   ; None              ; 12.602 ns       ; IR1[1] ; MOVB ;
; N/A   ; None              ; 12.580 ns       ; RAA0   ; RSL  ;
; N/A   ; None              ; 12.470 ns       ; SM     ; MOVC ;
; N/A   ; None              ; 12.455 ns       ; RWBA1  ; MOVC ;
; N/A   ; None              ; 12.454 ns       ; RAA1   ; RSL  ;
; N/A   ; None              ; 12.452 ns       ; SM     ; OR1  ;
; N/A   ; None              ; 12.448 ns       ; SM     ; SUB  ;
; N/A   ; None              ; 12.434 ns       ; SM     ; OUT1 ;
; N/A   ; None              ; 12.428 ns       ; SM     ; ADD  ;
; N/A   ; None              ; 12.338 ns       ; RWBA0  ; MOVC ;
; N/A   ; None              ; 12.327 ns       ; RAA0   ; MOVC ;
; N/A   ; None              ; 12.213 ns       ; SM     ; MOVA ;
; N/A   ; None              ; 12.198 ns       ; RWBA1  ; MOVA ;
; N/A   ; None              ; 12.190 ns       ; RAA1   ; MOVC ;
; N/A   ; None              ; 12.150 ns       ; SM     ; HALT ;
; N/A   ; None              ; 12.081 ns       ; RWBA0  ; MOVA ;
; N/A   ; None              ; 12.029 ns       ; IR1[2] ; HALT ;
; N/A   ; None              ; 11.948 ns       ; SM     ; RSL  ;
; N/A   ; None              ; 11.729 ns       ; IR1[0] ; HALT ;
; N/A   ; None              ; 11.524 ns       ; RAA0   ; MOVA ;
; N/A   ; None              ; 11.508 ns       ; IR1[1] ; HALT ;
; N/A   ; None              ; 11.388 ns       ; RAA1   ; MOVA ;
; N/A   ; None              ; 11.364 ns       ; SM     ; MOVB ;
; N/A   ; None              ; 11.355 ns       ; RWBA1  ; MOVB ;
; N/A   ; None              ; 11.299 ns       ; SM     ; IN1  ;
; N/A   ; None              ; 11.239 ns       ; RWBA0  ; MOVB ;
; N/A   ; None              ; 11.021 ns       ; SM     ; NOT1 ;
+-------+-------------------+-----------------+--------+------+


+--------------------------+
; Timing Analyzer Messages ;
+--------------------------+
Info: *******************************************************************
Info: Running Quartus II Classic Timing Analyzer
    Info: Version 9.0 Build 184 04/29/2009 Service Pack 1 SJ Web Edition
    Info: Processing started: Sun Dec 08 10:41:28 2019
Info: Command: quartus_tan --read_settings_files=off --write_settings_files=off zjw_zhilingyimaqi -c zjw_zhilingyimaqi --timing_analysis_only
Info: Longest tpd from source pin "IR1[3]" to destination pin "JMP" is 15.694 ns
    Info: 1: + IC(0.000 ns) + CELL(1.469 ns) = 1.469 ns; Loc. = PIN_94; Fanout = 11; PIN Node = 'IR1[3]'
    Info: 2: + IC(5.646 ns) + CELL(0.590 ns) = 7.705 ns; Loc. = LC_X23_Y7_N9; Fanout = 1; COMB Node = 'Equal14~6'
    Info: 3: + IC(1.548 ns) + CELL(0.292 ns) = 9.545 ns; Loc. = LC_X20_Y3_N5; Fanout = 3; COMB Node = 'JC~10'
    Info: 4: + IC(0.450 ns) + CELL(0.114 ns) = 10.109 ns; Loc. = LC_X20_Y3_N2; Fanout = 1; COMB Node = 'JMP~8'
    Info: 5: + IC(3.461 ns) + CELL(2.124 ns) = 15.694 ns; Loc. = PIN_5; Fanout = 0; PIN Node = 'JMP'
    Info: Total cell delay = 4.589 ns ( 29.24 % )
    Info: Total interconnect delay = 11.105 ns ( 70.76 % )
Info: Quartus II Classic Timing Analyzer was successful. 0 errors, 0 warnings
    Info: Peak virtual memory: 197 megabytes
    Info: Processing ended: Sun Dec 08 10:41:29 2019
    Info: Elapsed time: 00:00:01
    Info: Total CPU time (on all processors): 00:00:01


