Classic Timing Analyzer report for zjw_erjiguan
Sun Dec 08 10:26:24 2019
Quartus II Version 9.0 Build 184 04/29/2009 Service Pack 1 SJ Web Edition


---------------------
; Table of Contents ;
---------------------
  1. Legal Notice
  2. Timing Analyzer Summary
  3. Timing Analyzer Settings
  4. Parallel Compilation
  5. tpd
  6. Timing Analyzer Messages



----------------
; Legal Notice ;
----------------
Copyright (C) 1991-2009 Altera Corporation
Your use of Altera Corporation's design tools, logic functions 
and other software and tools, and its AMPP partner logic 
functions, and any output files from any of the foregoing 
(including device programming or simulation files), and any 
associated documentation or information are expressly subject 
to the terms and conditions of the Altera Program License 
Subscription Agreement, Altera MegaCore Function License 
Agreement, or other applicable license agreement, including, 
without limitation, that your use is for the sole purpose of 
programming logic devices manufactured by Altera and sold by 
Altera or its authorized distributors.  Please refer to the 
applicable agreement for further details.



+-----------------------------------------------------------------------------------------------------------------------------+
; Timing Analyzer Summary                                                                                                     ;
+------------------------------+-------+---------------+-------------+-------+---------+------------+----------+--------------+
; Type                         ; Slack ; Required Time ; Actual Time ; From  ; To      ; From Clock ; To Clock ; Failed Paths ;
+------------------------------+-------+---------------+-------------+-------+---------+------------+----------+--------------+
; Worst-case tpd               ; N/A   ; None          ; 10.730 ns   ; IFOUT ; eout[3] ; --         ; --       ; 0            ;
; Total number of failed paths ;       ;               ;             ;       ;         ;            ;          ; 0            ;
+------------------------------+-------+---------------+-------------+-------+---------+------------+----------+--------------+


+--------------------------------------------------------------------------------------------------------------------+
; Timing Analyzer Settings                                                                                           ;
+---------------------------------------------------------------------+--------------------+------+----+-------------+
; Option                                                              ; Setting            ; From ; To ; Entity Name ;
+---------------------------------------------------------------------+--------------------+------+----+-------------+
; Device Name                                                         ; EP1C3T144C8        ;      ;    ;             ;
; Timing Models                                                       ; Final              ;      ;    ;             ;
; Default hold multicycle                                             ; Same as Multicycle ;      ;    ;             ;
; Cut paths between unrelated clock domains                           ; On                 ;      ;    ;             ;
; Cut off read during write signal paths                              ; On                 ;      ;    ;             ;
; Cut off feedback from I/O pins                                      ; On                 ;      ;    ;             ;
; Report Combined Fast/Slow Timing                                    ; Off                ;      ;    ;             ;
; Ignore Clock Settings                                               ; Off                ;      ;    ;             ;
; Analyze latches as synchronous elements                             ; On                 ;      ;    ;             ;
; Enable Recovery/Removal analysis                                    ; Off                ;      ;    ;             ;
; Enable Clock Latency                                                ; Off                ;      ;    ;             ;
; Use TimeQuest Timing Analyzer                                       ; Off                ;      ;    ;             ;
; Minimum Core Junction Temperature                                   ; 0                  ;      ;    ;             ;
; Maximum Core Junction Temperature                                   ; 85                 ;      ;    ;             ;
; Number of source nodes to report per destination node               ; 10                 ;      ;    ;             ;
; Number of destination nodes to report                               ; 10                 ;      ;    ;             ;
; Number of paths to report                                           ; 200                ;      ;    ;             ;
; Report Minimum Timing Checks                                        ; Off                ;      ;    ;             ;
; Use Fast Timing Models                                              ; Off                ;      ;    ;             ;
; Report IO Paths Separately                                          ; Off                ;      ;    ;             ;
; Perform Multicorner Analysis                                        ; Off                ;      ;    ;             ;
; Reports the worst-case path for each clock domain and analysis      ; Off                ;      ;    ;             ;
; Removes common clock path pessimism (CCPP) during slack computation ; Off                ;      ;    ;             ;
; Output I/O Timing Endpoint                                          ; Near End           ;      ;    ;             ;
+---------------------------------------------------------------------+--------------------+------+----+-------------+


Parallel compilation was disabled, but you have multiple processors available. Enable parallel compilation to reduce compilation time.
+-------------------------------------+
; Parallel Compilation                ;
+----------------------------+--------+
; Processors                 ; Number ;
+----------------------------+--------+
; Number detected on machine ; 2      ;
; Maximum allowed            ; 1      ;
+----------------------------+--------+


+----------------------------------------------------------------+
; tpd                                                            ;
+-------+-------------------+-----------------+--------+---------+
; Slack ; Required P2P Time ; Actual P2P Time ; From   ; To      ;
+-------+-------------------+-----------------+--------+---------+
; N/A   ; None              ; 10.730 ns       ; IFOUT  ; eout[5] ;
; N/A   ; None              ; 10.730 ns       ; IFOUT  ; eout[3] ;
; N/A   ; None              ; 10.273 ns       ; IFOUT  ; eout[7] ;
; N/A   ; None              ; 9.868 ns        ; IFOUT  ; eout[2] ;
; N/A   ; None              ; 9.862 ns        ; IFOUT  ; eout[0] ;
; N/A   ; None              ; 9.830 ns        ; cin[6] ; eout[6] ;
; N/A   ; None              ; 9.731 ns        ; cin[1] ; eout[1] ;
; N/A   ; None              ; 9.619 ns        ; IFOUT  ; eout[6] ;
; N/A   ; None              ; 9.534 ns        ; IFOUT  ; eout[1] ;
; N/A   ; None              ; 9.525 ns        ; IFOUT  ; eout[4] ;
; N/A   ; None              ; 9.373 ns        ; cin[4] ; eout[4] ;
; N/A   ; None              ; 9.141 ns        ; cin[7] ; eout[7] ;
; N/A   ; None              ; 8.961 ns        ; cin[0] ; eout[0] ;
; N/A   ; None              ; 8.890 ns        ; cin[5] ; eout[5] ;
; N/A   ; None              ; 5.524 ns        ; cin[3] ; eout[3] ;
; N/A   ; None              ; 5.509 ns        ; cin[2] ; eout[2] ;
+-------+-------------------+-----------------+--------+---------+


+--------------------------+
; Timing Analyzer Messages ;
+--------------------------+
Info: *******************************************************************
Info: Running Quartus II Classic Timing Analyzer
    Info: Version 9.0 Build 184 04/29/2009 Service Pack 1 SJ Web Edition
    Info: Processing started: Sun Dec 08 10:26:23 2019
Info: Command: quartus_tan --read_settings_files=off --write_settings_files=off zjw_erjiguan -c zjw_erjiguan --timing_analysis_only
Info: Longest tpd from source pin "IFOUT" to destination pin "eout[5]" is 10.730 ns
    Info: 1: + IC(0.000 ns) + CELL(1.475 ns) = 1.475 ns; Loc. = PIN_141; Fanout = 8; PIN Node = 'IFOUT'
    Info: 2: + IC(7.181 ns) + CELL(2.074 ns) = 10.730 ns; Loc. = PIN_27; Fanout = 0; PIN Node = 'eout[5]'
    Info: Total cell delay = 3.549 ns ( 33.08 % )
    Info: Total interconnect delay = 7.181 ns ( 66.92 % )
Info: Quartus II Classic Timing Analyzer was successful. 0 errors, 0 warnings
    Info: Peak virtual memory: 193 megabytes
    Info: Processing ended: Sun Dec 08 10:26:24 2019
    Info: Elapsed time: 00:00:01
    Info: Total CPU time (on all processors): 00:00:01


